Operating on: 11155420 - Optimism Sepolia

Config - REWARD_RECIPIENT not provided, setting swap recipient to relayer address: 0x06003274c3a7926c04cA8d6903cc691fE8f3CEC2
Config - MIN_PROFIT_THRESHOLD_USD: -0.1


Instantiating RNG contracts ...
┌──────────────────────┬──────────────────────────────────────────────┐
│ (index)              │ Values                                       │
├──────────────────────┼──────────────────────────────────────────────┤
│ prizePoolContract    │ '0x1509E03404571A17B70EAe702EB5c05D3C82eae9' │
│ drawManagerContract  │ '0x80c24bF18Db7bbB91D6dE1B76B081c5B6fb62bb1' │
│ rngWitnetContract    │ '0x7F88fAcD829dCD60297246382a3e848088dD5C1e' │
│ rngBlockhashContract │ undefined                                    │
└──────────────────────┴──────────────────────────────────────────────┘

Gathering info on state of auctions ...
Getting RNG token and native (gas) token market rates ...

Running draw auction state context multicalls ...

******************

Tokens:

1a. Chain Native/Gas Token ETH Market Rate (USD): $3529.8555
1b. Reward Token 'WETH' Market Rate (USD): $3529.8555


Rng Auction State:

2a. Can Start Draw?  ✗
2b. Start Draw Expected Reward: 0.0 WETH
2c. Start Draw Expected Reward (USD): $0 $0
2d. PrizePool (11155420 - Optimism Sepolia) can start draw in: 175.65 minutes


Finish Draw Auction State:

3a. Can Finish Draw?  ✔
3b. Finish Draw Expected Reward: 0.000037990604808736 WETH
3c. Finish Draw Expected Reward (USD): $0.13 $0.13410134533244322



Processing 'Finish Draw' for 11155420 - Optimism Sepolia:
Estimating DrawManager#finishDraw() gas costs ...

Estimated gas limit (wei): 0.000000000000497318 ETH (497318 wei)
Recent Gas Price (wei): 0.000000000001000252 ETH (1000252 wei)
Recent Gas Price (gwei): 0.001000252 gwei

Gas Cost (USD): $0.14 $0.13896931689921355


Calculating profit ...

Profit/Loss (USD):

Gross Profit = Reward
Net profit = (Gross Profit - Gas Fees [Max])
$0 = ($0.13 - $0.14) $-0.004867971566770324 = ($0.13410134533244322 - $0.13896931689921355)

┌──────────────────────────┬─────────┐
│ (index)                  │ Values  │
├──────────────────────────┼─────────┤
│ MIN_PROFIT_THRESHOLD_USD │ '$-0.1' │
│ Net Profit (USD)         │ '$0'    │
│ Profitable?              │ '✔'     │
└──────────────────────────┴─────────┘

Execute DrawManager#finishDraw
Sending ...



Transaction sent! ✔
Transaction hash: 0x61fa879caca9512d93a99271f82c6d8c21d33dcfe9b9f1ff979a52d77a807e3e

|*******************************************************|
|                                                       |
|    Rewards accumulate post-draw on the PrizePool!     |
|  Withdraw your rewards manually from that contract.   |
|                                                       |
|*******************************************************|
