Operating on: 11155420 - Optimism Sepolia


Instantiating RNG contracts ...
┌──────────────────────┬──────────────────────────────────────────────┐
│ (index)              │ Values                                       │
├──────────────────────┼──────────────────────────────────────────────┤
│ prizePoolContract    │ '0x46151C11e176425864ab85363e3aF69b21EA2cf4' │
│ drawManagerContract  │ '0xB6936CD59824a36303747a08af4E7D51b7528C9d' │
│ rngWitnetContract    │ '0x202bD969fF51647F1d09d2C426010b4366265a77' │
│ rngBlockhashContract │ undefined                                    │
└──────────────────────┴──────────────────────────────────────────────┘

Gathering info on state of auctions ...
Getting RNG token and native (gas) token market rates ...

Running draw auction state context multicalls ...

******************

Tokens:

1a. Chain Native/Gas Token ETH Market Rate (USD): $3563.2053
1b. Reward Token 'WETH' Market Rate (USD): $3563.2053


Rng Auction State:

2a. Can Start Draw?  ✔
2b. Start Draw Expected Reward: 0.000104039979116031 WETH
2c. Start Draw Expected Reward (USD): $0.37 $0.37071580499813095
2d. PrizePool (11155420 - Optimism Sepolia) can start draw in: 114.05 minutes


Finish Draw Auction State:

3a. Can Finish Draw?  ✗
3b. Finish Draw Expected Reward: 0.0 WETH
3c. Finish Draw Expected Reward (USD): $0 $0



Processing 'Start Draw' for 11155420 - Optimism Sepolia:
Estimating RngWitnet#startDraw() gas costs ...

Estimated gas limit (wei): 0.000000000000725027 ETH (725027 wei)
Recent Gas Price (wei): 0.000000000001000252 ETH (1000252 wei)
Recent Gas Price (gwei): 0.001000252 gwei

Gas Cost (USD): $0.74 $0.7354142992694674

******************


Calculating profit ...
Profit/Loss (USD):

Gross Profit = Reward
Net profit = (Gross Profit - Gas Fees [Max] - RNG Fee)
$-1.83 = ($0.37 - $0.74 - $1.46) $-1.827739178490165 = ($0.37071580499813095 - $0.7354142992694674 - $1.4630406842188286)

┌──────────────────────────┬──────────┐
│ (index)                  │ Values   │
├──────────────────────────┼──────────┤
│ MIN_PROFIT_THRESHOLD_USD │ '$0.1'   │
│ Net Profit (USD)         │ '$-1.83' │
│ Profitable?              │ '✗'      │
└──────────────────────────┴──────────┘

Completing current auction currently not profitable. Try again soon ...
