Operating on: 11155420 - Optimism Sepolia

Config - REWARD_RECIPIENT not provided, setting swap recipient to relayer address: 0x06003274c3a7926c04cA8d6903cc691fE8f3CEC2
Config - MIN_PROFIT_THRESHOLD_USD: -0.1


Instantiating RNG contracts ...
┌──────────────────────┬──────────────────────────────────────────────┐
│ (index)              │ Values                                       │
├──────────────────────┼──────────────────────────────────────────────┤
│ prizePoolContract    │ '0x1509E03404571A17B70EAe702EB5c05D3C82eae9' │
│ drawManagerContract  │ '0x80c24bF18Db7bbB91D6dE1B76B081c5B6fb62bb1' │
│ rngWitnetContract    │ '0x7F88fAcD829dCD60297246382a3e848088dD5C1e' │
│ rngBlockhashContract │ undefined                                    │
└──────────────────────┴──────────────────────────────────────────────┘

Gathering info on state of auctions ...
Getting RNG token and native (gas) token market rates ...

Running draw auction state context multicalls ...

******************

Tokens:

1a. Chain Native/Gas Token ETH Market Rate (USD): $3527.522
1b. Reward Token 'WETH' Market Rate (USD): $3527.522


Rng Auction State:

2a. Can Start Draw?  ✔
2b. Start Draw Expected Reward: 0.002146777777777777 WETH
2c. Start Draw Expected Reward (USD): $7.57 $7.57280584022222
2d. PrizePool (11155420 - Optimism Sepolia) can start draw in: 196.06666666666666 minutes


Finish Draw Auction State:

3a. Can Finish Draw?  ✗
3b. Finish Draw Expected Reward: 0.0 WETH
3c. Finish Draw Expected Reward (USD): $0 $0



Processing 'Start Draw' for 11155420 - Optimism Sepolia:
Estimating RngWitnet#startDraw() gas costs ...

Estimated gas limit (wei): 0.00000000000072785 ETH (727850 wei)
Recent Gas Price (wei): 0.000000000001000252 ETH (1000252 wei)
Recent Gas Price (gwei): 0.001000252 gwei

Gas Cost (USD): $4.57 $4.56853880945102

******************


Calculating profit ...
Profit/Loss (USD):

Gross Profit = Reward
Net profit = (Gross Profit - Gas Fees [Max] - RNG Fee)
$-6.91 = ($7.57 - $4.57 - $9.91) $-6.908305844908519 = ($7.57280584022222 - $4.56853880945102 - $9.912572875679718)

┌──────────────────────────┬──────────┐
│ (index)                  │ Values   │
├──────────────────────────┼──────────┤
│ MIN_PROFIT_THRESHOLD_USD │ '$-0.1'  │
│ Net Profit (USD)         │ '$-6.91' │
│ Profitable?              │ '✗'      │
└──────────────────────────┴──────────┘

Completing current auction currently not profitable. Try again soon ...
