[34mOperating on: 11155420 - Optimism Sepolia[39m


[2mInstantiating RNG contracts ...[22m
â”Œâ”€â”€â”€â”€â”€â”€â”€â”€â”€â”€â”€â”€â”€â”€â”€â”€â”€â”€â”€â”€â”€â”€â”¬â”€â”€â”€â”€â”€â”€â”€â”€â”€â”€â”€â”€â”€â”€â”€â”€â”€â”€â”€â”€â”€â”€â”€â”€â”€â”€â”€â”€â”€â”€â”€â”€â”€â”€â”€â”€â”€â”€â”€â”€â”€â”€â”€â”€â”€â”€â”
â”‚ (index)              â”‚ Values                                       â”‚
â”œâ”€â”€â”€â”€â”€â”€â”€â”€â”€â”€â”€â”€â”€â”€â”€â”€â”€â”€â”€â”€â”€â”€â”¼â”€â”€â”€â”€â”€â”€â”€â”€â”€â”€â”€â”€â”€â”€â”€â”€â”€â”€â”€â”€â”€â”€â”€â”€â”€â”€â”€â”€â”€â”€â”€â”€â”€â”€â”€â”€â”€â”€â”€â”€â”€â”€â”€â”€â”€â”€â”¤
â”‚ prizePoolContract    â”‚ [32m'0x23Fc16532B025d2EBF73614b730793715aF56ec7'[39m â”‚
â”‚ drawManagerContract  â”‚ [32m'0xAc2079496445bcdE8C5bfD33021715aa37CC9A99'[39m â”‚
â”‚ rngWitnetContract    â”‚ [32m'0x3f592F85D4C7779814D43EB01f47375bDfe1a8B3'[39m â”‚
â”‚ rngBlockhashContract â”‚ [90mundefined[39m                                    â”‚
â””â”€â”€â”€â”€â”€â”€â”€â”€â”€â”€â”€â”€â”€â”€â”€â”€â”€â”€â”€â”€â”€â”€â”´â”€â”€â”€â”€â”€â”€â”€â”€â”€â”€â”€â”€â”€â”€â”€â”€â”€â”€â”€â”€â”€â”€â”€â”€â”€â”€â”€â”€â”€â”€â”€â”€â”€â”€â”€â”€â”€â”€â”€â”€â”€â”€â”€â”€â”€â”€â”˜

[2mGathering info on state of auctions ...[22m
[2mGetting RNG token and native (gas) token market rates ...[22m

[2mRunning draw auction state context multicalls ...[22m

[34m******************[39m

[34m[1mTokens:[22m[39m

[90m1a. Chain Native/Gas Token ETH Market Rate (USD):[39m [33m$3510.7026[39m
[90m1b. Reward Token 'WETH' Market Rate (USD):[39m [33m$3510.7026[39m


[34m[1mRng Auction State:[22m[39m

[90m2a. Can Start Draw? [39m [33mâœ—[39m
[90m2b. Start Draw Expected Reward:[39m [33m0.0 WETH[39m
[90m2c. Start Draw Expected Reward (USD):[39m [33m$0[39m [2m$0[22m
[90m2d. PrizePool (11155420 - Optimism Sepolia) can start draw in:[39m [33m20.066666666666666 minutes[39m


[34m[1mFinish Draw Auction State:[22m[39m

[90m3a. Can Finish Draw? [39m [33mâœ—[39m
[90m3b. Finish Draw Expected Reward:[39m [33m0.0 WETH[39m
[90m3c. Finish Draw Expected Reward (USD):[39m [33m$0[39m [2m$0[22m



