Operating on: 10 - Optimism

Config - REWARD_RECIPIENT not provided, setting swap recipient to relayer address: 0xf9A3856b5368f60f2837c797A993F46C6ea7117d
Config - MIN_PROFIT_THRESHOLD_USD: 0.1


Instantiating RNG contracts ...
┌──────────────────────┬──────────────────────────────────────────────┐
│ (index)              │ Values                                       │
├──────────────────────┼──────────────────────────────────────────────┤
│ prizePoolContract    │ '0xF35fE10ffd0a9672d0095c435fd8767A7fe29B55' │
│ drawManagerContract  │ '0x7eED7444dE862c4F79c5820ff867FA3A82641857' │
│ rngWitnetContract    │ '0x3d2Ef6C091f7CB69f06Ec3117F36A28BC596aa7B' │
│ rngBlockhashContract │ undefined                                    │
└──────────────────────┴──────────────────────────────────────────────┘

Gathering info on state of auctions ...
Getting RNG token and native (gas) token market rates ...

Running draw auction state context multicalls ...

******************

Tokens:

1a. Chain Native/Gas Token ETH Market Rate (USD): $3199.899
1b. Reward Token 'WETH' Market Rate (USD): $3199.899


Rng Auction State:

2a. Can Start Draw?  ✗
2b. Start Draw Expected Reward: 0.0 WETH
2c. Start Draw Expected Reward (USD): $0 $0
2d. PrizePool (10 - Optimism) can start draw in: 1312.9666666666667 minutes


Finish Draw Auction State:

3a. Can Finish Draw?  ✔
3b. Finish Draw Expected Reward: 0.000006069084151555 WETH
3c. Finish Draw Expected Reward (USD): $0.02 $0.019420456307476693



Processing 'Finish Draw' for 10 - Optimism:
Estimating DrawManager#finishDraw() gas costs ...

Estimated gas limit (wei): 0.000000000000383312 ETH (383312 wei)
Recent Gas Price (wei): 0.000000000061426478 ETH (61426478 wei)
Recent Gas Price (gwei): 0.061426478 gwei

Gas Cost (USD): $0.08 $0.07539425449812012


Calculating profit ...

Profit/Loss (USD):

Gross Profit = Reward
Net profit = (Gross Profit - Gas Fees [Max])
$-0.06 = ($0.02 - $0.08) $-0.05597379819064343 = ($0.019420456307476693 - $0.07539425449812012)

┌──────────────────────────┬──────────┐
│ (index)                  │ Values   │
├──────────────────────────┼──────────┤
│ MIN_PROFIT_THRESHOLD_USD │ '$0.1'   │
│ Net Profit (USD)         │ '$-0.06' │
│ Profitable?              │ '✗'      │
└──────────────────────────┴──────────┘

Completing current auction currently not profitable. Try again soon ...
