Operating on: 11155420 - Optimism Sepolia

Config - REWARD_RECIPIENT not provided, setting swap recipient to relayer address: 0x06003274c3a7926c04cA8d6903cc691fE8f3CEC2
Config - MIN_PROFIT_THRESHOLD_USD: 0.1


Instantiating RNG contracts ...
┌──────────────────────┬──────────────────────────────────────────────┐
│ (index)              │ Values                                       │
├──────────────────────┼──────────────────────────────────────────────┤
│ prizePoolContract    │ '0x122FecA66c2b1Ba8Fa9C39E88152592A5496Bc99' │
│ drawManagerContract  │ '0xcCF00490434D845Ec27cB8B4C05E6356318AafAb' │
│ rngWitnetContract    │ '0xC74638B72DF8C886F7076ac1c8AA6D65E3c83034' │
│ rngBlockhashContract │ undefined                                    │
└──────────────────────┴──────────────────────────────────────────────┘

Gathering info on state of auctions ...
Getting RNG token and native (gas) token market rates ...

Running draw auction state context multicalls ...

******************

Tokens:

1a. Chain Native/Gas Token ETH Market Rate (USD): $3045.9192
1b. Reward Token 'WETH' Market Rate (USD): $3045.9192


Rng Auction State:

2a. Can Start Draw?  ✔
2b. Start Draw Expected Reward: 0.000083579062017252 WETH
2c. Start Draw Expected Reward (USD): $0.25 $0.2545750697163386
2d. PrizePool (11155420 - Optimism Sepolia) can start draw in: 223.35 minutes


Finish Draw Auction State:

3a. Can Finish Draw?  ✗
3b. Finish Draw Expected Reward: 0.0 WETH
3c. Finish Draw Expected Reward (USD): $0 $0



Processing 'Start Draw' for 11155420 - Optimism Sepolia:
Estimating RngWitnet#startDraw() gas costs ...

Estimated gas limit (wei): 0.000000000000734648 ETH (734648 wei)
Recent Gas Price (wei): 0.000000000001000259 ETH (1000259 wei)
Recent Gas Price (gwei): 0.001000259 gwei

Gas Cost (USD): $0.01 $0.013529640196334165

******************


Calculating profit ...
Profit/Loss (USD):

Gross Profit = Reward
Net profit = (Gross Profit - Gas Fees [Max] - RNG Fee)
$0.22 = ($0.25 - $0.01 - $0.03) $0.21575098290960804 = ($0.2545750697163386 - $0.013529640196334165 - $0.0252944466103964)

┌──────────────────────────┬─────────┐
│ (index)                  │ Values  │
├──────────────────────────┼─────────┤
│ MIN_PROFIT_THRESHOLD_USD │ '$0.1'  │
│ Net Profit (USD)         │ '$0.22' │
│ Profitable?              │ '✔'     │
└──────────────────────────┴─────────┘

Start Draw Transaction:
Execute rngWitnet#startDraw

Sending ...


Transaction sent! ✔
Transaction hash: 0xe034f8ad24ef157300f6c4dfe5157527dfd86d0c8f1bdee246861b3ea9c20f35

|*******************************************************|
|                                                       |
|    Rewards accumulate post-draw on the PrizePool!     |
|  Withdraw your rewards manually from that contract.   |
|                                                       |
|*******************************************************|
