Operating on: 11155420 - Optimism Sepolia


Instantiating RNG contracts ...
┌──────────────────────┬──────────────────────────────────────────────┐
│ (index)              │ Values                                       │
├──────────────────────┼──────────────────────────────────────────────┤
│ prizePoolContract    │ '0x23Fc16532B025d2EBF73614b730793715aF56ec7' │
│ drawManagerContract  │ '0xAc2079496445bcdE8C5bfD33021715aa37CC9A99' │
│ rngWitnetContract    │ '0x3f592F85D4C7779814D43EB01f47375bDfe1a8B3' │
│ rngBlockhashContract │ undefined                                    │
└──────────────────────┴──────────────────────────────────────────────┘

Gathering info on state of auctions ...
Getting RNG token and native (gas) token market rates ...

Running draw auction state context multicalls ...

******************

Tokens:

1a. Chain Native/Gas Token ETH Market Rate (USD): $3522.5295
1b. Reward Token 'WETH' Market Rate (USD): $3522.5295


Rng Auction State:

2a. Can Start Draw?  ✔
2b. Start Draw Expected Reward: 0.000039875253532524 WETH
2c. Start Draw Expected Reward (USD): $0.14 $0.14046175688829501
2d. PrizePool (11155420 - Optimism Sepolia) can start draw in: 119.55 minutes


Finish Draw Auction State:

3a. Can Finish Draw?  ✗
3b. Finish Draw Expected Reward: 0.0 WETH
3c. Finish Draw Expected Reward (USD): $0 $0



Processing 'Start Draw' for 11155420 - Optimism Sepolia:
Estimating RngWitnet#startDraw() gas costs ...

Estimated gas limit (wei): 0.00000000000073002 ETH (730020 wei)
Recent Gas Price (wei): 0.000000000001000252 ETH (1000252 wei)
Recent Gas Price (gwei): 0.001000252 gwei

Gas Cost (USD): $0.47 $0.4729619750508507

******************


Calculating profit ...
Profit/Loss (USD):

Gross Profit = Reward
Net profit = (Gross Profit - Gas Fees [Max] - RNG Fee)
$-1.35 = ($0.14 - $0.47 - $1.02) $-1.3485313165378385 = ($0.14046175688829501 - $0.4729619750508507 - $1.0160310983752827)

┌──────────────────────────┬──────────┐
│ (index)                  │ Values   │
├──────────────────────────┼──────────┤
│ MIN_PROFIT_THRESHOLD_USD │ '$0.1'   │
│ Net Profit (USD)         │ '$-1.35' │
│ Profitable?              │ '✗'      │
└──────────────────────────┴──────────┘

Completing current auction currently not profitable. Try again soon ...
