Operating on: 11155420 - Optimism Sepolia

Config - REWARD_RECIPIENT not provided, setting swap recipient to relayer address: 0x06003274c3a7926c04cA8d6903cc691fE8f3CEC2
Config - MIN_PROFIT_THRESHOLD_USD: 0.1


Instantiating RNG contracts ...
┌──────────────────────┬──────────────────────────────────────────────┐
│ (index)              │ Values                                       │
├──────────────────────┼──────────────────────────────────────────────┤
│ prizePoolContract    │ '0x9f594BA8A838D41E7781BFA2aeA42702E216AF5a' │
│ drawManagerContract  │ '0xB08E9CB1003994f52766f302a66aaDe0C6DF7407' │
│ rngWitnetContract    │ '0xfbD4F73cb7fd2503CA4D64e5369539841E56Ad6D' │
│ rngBlockhashContract │ undefined                                    │
└──────────────────────┴──────────────────────────────────────────────┘

Gathering info on state of auctions ...
Getting RNG token and native (gas) token market rates ...

Running draw auction state context multicalls ...

******************

Tokens:

1a. Chain Native/Gas Token ETH Market Rate (USD): $3005.6606
1b. Reward Token 'WETH' Market Rate (USD): $3005.6606


Rng Auction State:

2a. Can Start Draw?  ✔
2b. Start Draw Expected Reward: 0.00000576162934571 WETH
2c. Start Draw Expected Reward (USD): $0.02 $0.01731750231620433
2d. PrizePool (11155420 - Optimism Sepolia) can start draw in: 226.9 minutes


Finish Draw Auction State:

3a. Can Finish Draw?  ✗
3b. Finish Draw Expected Reward: 0.0 WETH
3c. Finish Draw Expected Reward (USD): $0 $0



Processing 'Start Draw' for 11155420 - Optimism Sepolia:
Estimating RngWitnet#startDraw() gas costs ...

Estimated gas limit (wei): 0.000000000000729921 ETH (729921 wei)
Recent Gas Price (wei): 0.000000000001000254 ETH (1000254 wei)
Recent Gas Price (gwei): 0.001000254 gwei

Gas Cost (USD): $0.01 $0.014175921061621181

******************


Calculating profit ...
Profit/Loss (USD):

Gross Profit = Reward
Net profit = (Gross Profit - Gas Fees [Max] - RNG Fee)
$-0.02 = ($0.02 - $0.01 - $0.03) $-0.023803179531026925 = ($0.01731750231620433 - $0.014175921061621181 - $0.02694476078561007)

┌──────────────────────────┬──────────┐
│ (index)                  │ Values   │
├──────────────────────────┼──────────┤
│ MIN_PROFIT_THRESHOLD_USD │ '$0.1'   │
│ Net Profit (USD)         │ '$-0.02' │
│ Profitable?              │ '✗'      │
└──────────────────────────┴──────────┘

Completing current auction currently not profitable. Try again soon ...
