Operating on: 11155420 - Optimism Sepolia

Config - REWARD_RECIPIENT not provided, setting swap recipient to relayer address: 0x06003274c3a7926c04cA8d6903cc691fE8f3CEC2
Config - MIN_PROFIT_THRESHOLD_USD: -0.1


Instantiating RNG contracts ...
┌──────────────────────┬──────────────────────────────────────────────┐
│ (index)              │ Values                                       │
├──────────────────────┼──────────────────────────────────────────────┤
│ prizePoolContract    │ '0x9f594BA8A838D41E7781BFA2aeA42702E216AF5a' │
│ drawManagerContract  │ '0xB08E9CB1003994f52766f302a66aaDe0C6DF7407' │
│ rngWitnetContract    │ '0xfbD4F73cb7fd2503CA4D64e5369539841E56Ad6D' │
│ rngBlockhashContract │ undefined                                    │
└──────────────────────┴──────────────────────────────────────────────┘

Gathering info on state of auctions ...
Getting RNG token and native (gas) token market rates ...

Running draw auction state context multicalls ...

******************

Tokens:

1a. Chain Native/Gas Token ETH Market Rate (USD): $3258.012
1b. Reward Token 'WETH' Market Rate (USD): $3258.012


Rng Auction State:

2a. Can Start Draw?  ✗
2b. Start Draw Expected Reward: 0.0 WETH
2c. Start Draw Expected Reward (USD): $0 $0
2d. PrizePool (11155420 - Optimism Sepolia) can start draw in: 225.55 minutes


Finish Draw Auction State:

3a. Can Finish Draw?  ✔
3b. Finish Draw Expected Reward: 0.000000750673382316 WETH
3c. Finish Draw Expected Reward (USD): $0 $0.002445702887666116



Processing 'Finish Draw' for 11155420 - Optimism Sepolia:
Estimating DrawManager#finishDraw() gas costs ...

Estimated gas limit (wei): 0.000000000000391565 ETH (391565 wei)
Recent Gas Price (wei): 0.000000000001000252 ETH (1000252 wei)
Recent Gas Price (gwei): 0.001000252 gwei

Gas Cost (USD): $0.01 $0.006758400115403469


Calculating profit ...

Profit/Loss (USD):

Gross Profit = Reward
Net profit = (Gross Profit - Gas Fees [Max])
$0 = ($0 - $0.01) $-0.004312697227737353 = ($0.002445702887666116 - $0.006758400115403469)

┌──────────────────────────┬─────────┐
│ (index)                  │ Values  │
├──────────────────────────┼─────────┤
│ MIN_PROFIT_THRESHOLD_USD │ '$-0.1' │
│ Net Profit (USD)         │ '$0'    │
│ Profitable?              │ '✔'     │
└──────────────────────────┴─────────┘

Execute DrawManager#finishDraw
Sending ...



Transaction sent! ✔
Transaction hash: 0xab31373314021f8358ef221f4f029665deb98618ba6b837994e8375ae33c0719

|*******************************************************|
|                                                       |
|    Rewards accumulate post-draw on the PrizePool!     |
|  Withdraw your rewards manually from that contract.   |
|                                                       |
|*******************************************************|
