Operating on: 11155420 - Optimism Sepolia

Config - REWARD_RECIPIENT not provided, setting swap recipient to relayer address: 0x06003274c3a7926c04cA8d6903cc691fE8f3CEC2
Config - MIN_PROFIT_THRESHOLD_USD: -0.1


Instantiating RNG contracts ...
┌──────────────────────┬──────────────────────────────────────────────┐
│ (index)              │ Values                                       │
├──────────────────────┼──────────────────────────────────────────────┤
│ prizePoolContract    │ '0x1509E03404571A17B70EAe702EB5c05D3C82eae9' │
│ drawManagerContract  │ '0x80c24bF18Db7bbB91D6dE1B76B081c5B6fb62bb1' │
│ rngWitnetContract    │ '0x7F88fAcD829dCD60297246382a3e848088dD5C1e' │
│ rngBlockhashContract │ undefined                                    │
└──────────────────────┴──────────────────────────────────────────────┘

Gathering info on state of auctions ...
Getting RNG token and native (gas) token market rates ...

Running draw auction state context multicalls ...

******************

Tokens:

1a. Chain Native/Gas Token ETH Market Rate (USD): $3518.7114
1b. Reward Token 'WETH' Market Rate (USD): $3518.7114


Rng Auction State:

2a. Can Start Draw?  ✔
2b. Start Draw Expected Reward: 0.000123456790123456 WETH
2c. Start Draw Expected Reward (USD): $0.43 $0.4344088148148121
2d. PrizePool (11155420 - Optimism Sepolia) can start draw in: 206.63333333333333 minutes


Finish Draw Auction State:

3a. Can Finish Draw?  ✗
3b. Finish Draw Expected Reward: 0.0 WETH
3c. Finish Draw Expected Reward (USD): $0 $0



Processing 'Start Draw' for 11155420 - Optimism Sepolia:
Estimating RngWitnet#startDraw() gas costs ...

Estimated gas limit (wei): 0.00000000000072785 ETH (727850 wei)
Recent Gas Price (wei): 0.000000000001000252 ETH (1000252 wei)
Recent Gas Price (gwei): 0.001000252 gwei

Gas Cost (USD): $3.75 $3.7453292575308272

******************


Calculating profit ...
Profit/Loss (USD):

Gross Profit = Reward
Net profit = (Gross Profit - Gas Fees [Max] - RNG Fee)
$-11.44 = ($0.43 - $3.75 - $8.13) $-11.436478307417875 = ($0.4344088148148121 - $3.7453292575308272 - $8.125557864701861)

┌──────────────────────────┬───────────┐
│ (index)                  │ Values    │
├──────────────────────────┼───────────┤
│ MIN_PROFIT_THRESHOLD_USD │ '$-0.1'   │
│ Net Profit (USD)         │ '$-11.44' │
│ Profitable?              │ '✗'       │
└──────────────────────────┴───────────┘

Completing current auction currently not profitable. Try again soon ...
