Operating on: 11155420 - Optimism Sepolia

Config - REWARD_RECIPIENT not provided, setting swap recipient to relayer address: 0x06003274c3a7926c04cA8d6903cc691fE8f3CEC2
Config - MIN_PROFIT_THRESHOLD_USD: 0.1


Instantiating RNG contracts ...
┌──────────────────────┬──────────────────────────────────────────────┐
│ (index)              │ Values                                       │
├──────────────────────┼──────────────────────────────────────────────┤
│ prizePoolContract    │ '0x122FecA66c2b1Ba8Fa9C39E88152592A5496Bc99' │
│ drawManagerContract  │ '0xcCF00490434D845Ec27cB8B4C05E6356318AafAb' │
│ rngWitnetContract    │ '0xC74638B72DF8C886F7076ac1c8AA6D65E3c83034' │
│ rngBlockhashContract │ undefined                                    │
└──────────────────────┴──────────────────────────────────────────────┘

Gathering info on state of auctions ...
Getting RNG token and native (gas) token market rates ...

Running draw auction state context multicalls ...

******************

Tokens:

1a. Chain Native/Gas Token ETH Market Rate (USD): $3004.7307
1b. Reward Token 'WETH' Market Rate (USD): $3004.7307


Rng Auction State:

2a. Can Start Draw?  ✗
2b. Start Draw Expected Reward: 0.0 WETH
2c. Start Draw Expected Reward (USD): $0 $0
2d. PrizePool (11155420 - Optimism Sepolia) can start draw in: 187.15 minutes


Finish Draw Auction State:

3a. Can Finish Draw?  ✔
3b. Finish Draw Expected Reward: 0.000036914279817583 WETH
3c. Finish Draw Expected Reward (USD): $0.11 $0.11091746983628205



Processing 'Finish Draw' for 11155420 - Optimism Sepolia:
Estimating DrawManager#finishDraw() gas costs ...

Estimated gas limit (wei): 0.000000000000393627 ETH (393627 wei)
Recent Gas Price (wei): 0.000000000001000275 ETH (1000275 wei)
Recent Gas Price (gwei): 0.001000275 gwei

Gas Cost (USD): $0.01 $0.009124610362220426


Calculating profit ...

Profit/Loss (USD):

Gross Profit = Reward
Net profit = (Gross Profit - Gas Fees [Max])
$0.1 = ($0.11 - $0.01) $0.10179285947406162 = ($0.11091746983628205 - $0.009124610362220426)

┌──────────────────────────┬────────┐
│ (index)                  │ Values │
├──────────────────────────┼────────┤
│ MIN_PROFIT_THRESHOLD_USD │ '$0.1' │
│ Net Profit (USD)         │ '$0.1' │
│ Profitable?              │ '✔'    │
└──────────────────────────┴────────┘

Execute DrawManager#finishDraw
Sending ...



Transaction sent! ✔
Transaction hash: 0x61338eac188a162bb94625a1befda958a84fa079d4e458f83dc81bc0d93ae319

|*******************************************************|
|                                                       |
|    Rewards accumulate post-draw on the PrizePool!     |
|  Withdraw your rewards manually from that contract.   |
|                                                       |
|*******************************************************|
